given range is not current
given range is not current
given range is not current
given range is not current
given range is not current
given range is not current
given range is not current
given range is not current
given range is not current
given range is not current
given range is not current
given range is not current
given range is not current
given range is not current
given range is not current
given range is not current
given range is not current
given range is not current
given range is not current
given range is not current
given range is not current
given range is not current
given range is not current
given range is not current
given range is not current
given range is not current
Informational: ------ 回合測試開始 ------
Informational: ========== 回合測試結束: 執行了 3 回合 (0:00:03.9345741) ==========
Informational: ------ 回合測試開始 ------
Informational: ========== 回合測試結束: 執行了 3 回合 (0:00:01.2467756) ==========
Informational: ------ 回合測試開始 ------
Informational: ========== 回合測試結束: 執行了 2 回合 (0:00:01.2642053) ==========
Informational: ------ 回合測試開始 ------
Informational: ========== 回合測試結束: 執行了 2 回合 (0:00:01.1311752) ==========
Informational: ------ 回合測試開始 ------
Informational: ========== 回合測試結束: 執行了 2 回合 (0:00:05.2132975) ==========
Informational: ------ 回合測試開始 ------
Informational: ========== 回合測試結束: 執行了 3 回合 (0:00:01.1489283) ==========
Informational: ------ 回合測試開始 ------
Informational: ========== 回合測試結束: 執行了 1 回合 (0:00:03.4904148) ==========
Informational: ------ 回合測試開始 ------
Informational: ========== 回合測試結束: 執行了 3 回合 (0:00:03.8837613) ==========
Informational: ------ 回合測試開始 ------
Informational: ========== 回合測試結束: 執行了 3 回合 (0:00:01.3183153) ==========
Warning: 建置失敗或其已取消。
Informational: ------ 回合測試開始 ------
Informational: ========== 回合測試結束: 執行了 3 回合 (0:00:01.2057085) ==========
Informational: ------ 回合測試開始 ------
Informational: ========== 回合測試結束: 執行了 3 回合 (0:00:03.9128948) ==========
Informational: ------ 回合測試開始 ------
Informational: ========== 回合測試結束: 執行了 4 回合 (0:00:01.2228142) ==========
Informational: ------ 回合測試開始 ------
Informational: ========== 回合測試結束: 執行了 4 回合 (0:00:03.9520419) ==========
Informational: ------ 回合測試開始 ------
Informational: ========== 回合測試結束: 執行了 6 回合 (0:00:01.2216092) ==========
Informational: ------ 回合測試開始 ------
Informational: ========== 回合測試結束: 執行了 6 回合 (0:00:01.3877916) ==========
Informational: ------ 回合測試開始 ------
Informational: ========== 回合測試結束: 執行了 6 回合 (0:00:01.2606283) ==========
Informational: ------ 回合測試開始 ------
Informational: ========== 回合測試結束: 執行了 2 回合 (0:00:00.9554073) ==========
Informational: ------ 回合測試開始 ------
Error: 使用中的測試回合已中止。原因: 
Informational: ========== 回合測試結束: 執行了 0 回合 (0:00:38.2585434) ==========
Informational: ------ 回合測試開始 ------
Informational: ========== 回合測試結束: 執行了 6 回合 (0:00:01.2007637) ==========
given range is not current
Informational: ------ 回合測試開始 ------
Informational: ========== 回合測試結束: 執行了 6 回合 (0:00:01.4578367) ==========
Informational: ------ 回合測試開始 ------
Informational: ========== 回合測試結束: 執行了 6 回合 (0:00:01.2080844) ==========
Informational: ------ 回合測試開始 ------
Informational: ========== 回合測試結束: 執行了 6 回合 (0:00:01.9464157) ==========
Informational: ------ 回合測試開始 ------
Informational: ========== 回合測試結束: 執行了 6 回合 (0:00:01.2035539) ==========
Informational: ------ 回合測試開始 ------
Informational: ========== 回合測試結束: 執行了 6 回合 (0:00:01.2194767) ==========
Informational: ------ 回合測試開始 ------
Informational: ========== 回合測試結束: 執行了 6 回合 (0:00:01.23601) ==========
Informational: ------ 回合測試開始 ------
Informational: ========== 回合測試結束: 執行了 6 回合 (0:00:03.9386802) ==========
Informational: ------ 回合測試開始 ------
Informational: ========== 回合測試結束: 執行了 1 回合 (0:00:01.86003) ==========
Informational: ------ 回合測試開始 ------
Informational: ========== 回合測試結束: 執行了 7 回合 (0:00:01.2078288) ==========
Informational: ------ 回合測試開始 ------
Error: 使用中的測試回合已中止。原因: 
Informational: ========== 回合測試結束: 執行了 4 回合 (0:00:14.9587562) ==========
Informational: ------ 回合測試開始 ------
Informational: ========== 回合測試結束: 執行了 7 回合 (0:00:01.7622099) ==========
Informational: ------ 回合測試開始 ------
Informational: ========== 回合測試結束: 執行了 7 回合 (0:00:01.2109668) ==========
Informational: ------ 回合測試開始 ------
Informational: ========== 回合測試結束: 執行了 7 回合 (0:00:01.2156384) ==========
Informational: ------ 回合測試開始 ------
Informational: ========== 回合測試結束: 執行了 7 回合 (0:00:03.9552206) ==========
Informational: ------ 回合測試開始 ------
Informational: ========== 回合測試結束: 執行了 8 回合 (0:00:01.1589012) ==========
Informational: ------ 回合測試開始 ------
Informational: ========== 回合測試結束: 執行了 8 回合 (0:00:01.3436649) ==========
Informational: ------ 回合測試開始 ------
Informational: ========== 回合測試結束: 執行了 9 回合 (0:00:01.3398204) ==========
Informational: ------ 回合測試開始 ------
Informational: ========== 回合測試結束: 執行了 9 回合 (0:00:01.4795414) ==========
Informational: ------ 回合測試開始 ------
Informational: ========== 回合測試結束: 執行了 9 回合 (0:00:01.2171707) ==========
Informational: ------ 回合測試開始 ------
Informational: ========== 回合測試結束: 執行了 9 回合 (0:00:01.4324325) ==========
Informational: ------ 回合測試開始 ------
Informational: ========== 回合測試結束: 執行了 9 回合 (0:00:01.2812039) ==========
Informational: ------ 回合測試開始 ------
Informational: ========== 回合測試結束: 執行了 9 回合 (0:00:01.3054886) ==========
Informational: ------ 回合測試開始 ------
Informational: ========== 回合測試結束: 執行了 9 回合 (0:00:03.9474577) ==========
Informational: ------ 回合測試開始 ------
Informational: ========== 回合測試結束: 執行了 10 回合 (0:00:01.2796908) ==========
Informational: ------ 回合測試開始 ------
Informational: ========== 回合測試結束: 執行了 13 回合 (0:00:01.3422516) ==========
Informational: ------ 回合測試開始 ------
Informational: ========== 回合測試結束: 執行了 13 回合 (0:00:04.2143354) ==========
Informational: ------ 回合測試開始 ------
Informational: ========== 回合測試結束: 執行了 14 回合 (0:00:01.5057292) ==========
Informational: ------ 回合測試開始 ------
Informational: ========== 回合測試結束: 執行了 13 回合 (0:00:04.2324449) ==========
Informational: ------ 回合測試開始 ------
Informational: ========== 回合測試結束: 執行了 13 回合 (0:00:01.2287141) ==========
Informational: ------ 回合測試開始 ------
Informational: ========== 回合測試結束: 執行了 13 回合 (0:00:01.3724998) ==========
Informational: ------ 回合測試開始 ------
Informational: ========== 回合測試結束: 執行了 13 回合 (0:00:03.8903947) ==========
Informational: ------ 回合測試開始 ------
Informational: ========== 回合測試結束: 執行了 14 回合 (0:00:01.3583677) ==========
Informational: ------ 回合測試開始 ------
Informational: ========== 回合測試結束: 執行了 14 回合 (0:00:03.9535894) ==========
Informational: ------ 回合測試開始 ------
Informational: ========== 回合測試結束: 執行了 14 回合 (0:00:01.2259879) ==========
Informational: ------ 回合測試開始 ------
Informational: ========== 回合測試結束: 執行了 14 回合 (0:00:04.1760565) ==========
Informational: ------ 回合測試開始 ------
Informational: ========== 回合測試結束: 執行了 14 回合 (0:00:01.4038216) ==========
Informational: ------ 回合測試開始 ------
Informational: ========== 回合測試結束: 執行了 14 回合 (0:00:04.0085161) ==========
Informational: ------ 回合測試開始 ------
Informational: ========== 回合測試結束: 執行了 14 回合 (0:00:01.7604507) ==========
Informational: ------ 回合測試開始 ------
Error: 使用中的測試回合已中止。原因: 
Informational: ========== 回合測試結束: 執行了 9 回合 (0:00:11.2711493) ==========
Informational: ------ 回合測試開始 ------
Informational: ========== 回合測試結束: 執行了 14 回合 (0:00:01.325473) ==========
Informational: ------ 回合測試開始 ------
Error: 使用中的測試回合已中止。原因: 
Informational: ========== 回合測試結束: 執行了 9 回合 (0:00:10.920044) ==========
Informational: ------ 回合測試開始 ------
Error: 使用中的測試回合已中止。原因: 
Informational: ========== 回合測試結束: 執行了 13 回合 (0:00:55.0052636) ==========
Informational: ------ 回合測試開始 ------
Error: 使用中的測試回合已中止。原因: 
Informational: ========== 回合測試結束: 執行了 13 回合 (0:01:59.0470868) ==========
Informational: ------ 回合測試開始 ------
Informational: ========== 回合測試結束: 執行了 14 回合 (0:00:01.3420998) ==========
Informational: ------ 回合測試開始 ------
Informational: ========== 回合測試結束: 執行了 14 回合 (0:00:01.2069032) ==========
Informational: ------ 回合測試開始 ------
Informational: ========== 回合測試結束: 執行了 14 回合 (0:00:01.1798666) ==========
Informational: ------ 回合測試開始 ------
Informational: ========== 回合測試結束: 執行了 14 回合 (0:00:04.3086603) ==========
Informational: ------ 回合測試開始 ------
Informational: ========== 回合測試結束: 執行了 14 回合 (0:00:01.2751416) ==========
Informational: ------ 回合測試開始 ------
Informational: ========== 回合測試結束: 執行了 14 回合 (0:00:03.9157059) ==========
Informational: ------ 回合測試開始 ------
Informational: ========== 回合測試結束: 執行了 15 回合 (0:00:01.2126423) ==========
Informational: ------ 回合測試開始 ------
Informational: ========== 回合測試結束: 執行了 15 回合 (0:00:03.9837633) ==========
Informational: ------ 回合測試開始 ------
Informational: ========== 回合測試結束: 執行了 1 回合 (0:00:01.2346976) ==========
Informational: ------ 回合測試開始 ------
Informational: ========== 回合測試結束: 執行了 16 回合 (0:00:01.2310488) ==========
Informational: ------ 回合測試開始 ------
Informational: ========== 回合測試結束: 執行了 16 回合 (0:00:03.8997597) ==========
Informational: ------ 回合測試開始 ------
Informational: ========== 回合測試結束: 執行了 17 回合 (0:00:01.3823025) ==========
Informational: ------ 回合測試開始 ------
Informational: ========== 回合測試結束: 執行了 17 回合 (0:00:04.0729529) ==========
Informational: ------ 回合測試開始 ------
Informational: ========== 回合測試結束: 執行了 18 回合 (0:00:01.273297) ==========
Informational: ------ 回合測試開始 ------
Informational: ========== 回合測試結束: 執行了 18 回合 (0:00:01.2917265) ==========
Informational: ------ 回合測試開始 ------
Informational: ========== 回合測試結束: 執行了 18 回合 (0:00:01.2095555) ==========
Informational: ------ 回合測試開始 ------
Informational: ========== 回合測試結束: 執行了 18 回合 (0:00:04.0360783) ==========
Informational: ------ 回合測試開始 ------
Informational: ========== 回合測試結束: 執行了 18 回合 (0:00:01.3330094) ==========
Informational: ------ 回合測試開始 ------
Informational: ========== 回合測試結束: 執行了 18 回合 (0:00:01.2851087) ==========
Informational: ------ 回合測試開始 ------
Informational: ========== 回合測試結束: 執行了 18 回合 (0:00:03.9607344) ==========
Informational: ------ 回合測試開始 ------
Informational: ========== 回合測試結束: 執行了 18 回合 (0:00:01.4444131) ==========
Informational: ------ 回合測試開始 ------
Informational: ========== 回合測試結束: 執行了 18 回合 (0:00:03.9064694) ==========
Informational: ------ 回合測試開始 ------
Informational: ========== 回合測試結束: 執行了 18 回合 (0:00:01.4149724) ==========
Informational: ------ 回合測試開始 ------
Informational: ========== 回合測試結束: 執行了 18 回合 (0:00:04.2208872) ==========
Informational: ------ 回合測試開始 ------
Informational: ========== 回合測試結束: 執行了 18 回合 (0:00:01.3209778) ==========
Informational: ------ 回合測試開始 ------
Informational: ========== 回合測試結束: 執行了 18 回合 (0:00:03.9674873) ==========
Informational: ------ 回合測試開始 ------
Informational: ========== 回合測試結束: 執行了 18 回合 (0:00:01.2944465) ==========
Informational: ------ 回合測試開始 ------
Informational: ========== 回合測試結束: 執行了 18 回合 (0:00:04.2290858) ==========
Informational: ------ 回合測試開始 ------
Informational: ========== 回合測試結束: 執行了 19 回合 (0:00:01.7470435) ==========
Informational: ------ 回合測試開始 ------
Informational: ========== 回合測試結束: 執行了 18 回合 (0:00:04.2796186) ==========
Informational: ------ 回合測試開始 ------
Informational: ========== 回合測試結束: 執行了 18 回合 (0:00:01.4218273) ==========
Informational: ------ 回合測試開始 ------
Informational: ========== 回合測試結束: 執行了 18 回合 (0:00:04.0698974) ==========
Informational: ------ 回合測試開始 ------
Informational: ========== 回合測試結束: 執行了 18 回合 (0:00:01.2708494) ==========
Informational: ------ 回合測試開始 ------
Informational: ========== 回合測試結束: 執行了 18 回合 (0:00:04.1532519) ==========
Warning: 建置失敗或其已取消。
Informational: ------ 回合測試開始 ------
Informational: ========== 回合測試結束: 執行了 19 回合 (0:00:01.2709323) ==========
Informational: ------ 回合測試開始 ------
Informational: ========== 回合測試結束: 執行了 19 回合 (0:00:04.0755142) ==========
Informational: ------ 回合測試開始 ------
Informational: ========== 回合測試結束: 執行了 20 回合 (0:00:01.5294195) ==========
Informational: ------ 回合測試開始 ------
Informational: ========== 回合測試結束: 執行了 20 回合 (0:00:50.8719829) ==========
Informational: ------ 回合測試開始 ------
Informational: ========== 回合測試結束: 執行了 20 回合 (0:00:01.3563722) ==========
Informational: ------ 回合測試開始 ------
Error: 使用中的測試回合已中止。原因: 
Informational: ========== 回合測試結束: 執行了 0 回合 (0:00:23.3956715) ==========
Informational: ------ 回合測試開始 ------
Informational: ========== 回合測試結束: 執行了 20 回合 (0:00:01.3515418) ==========
Informational: ------ 回合測試開始 ------
Error: 使用中的測試回合已中止。原因: 
Informational: ========== 回合測試結束: 執行了 0 回合 (0:00:54.388627) ==========
Informational: ------ 回合測試開始 ------
Informational: ========== 回合測試結束: 執行了 20 回合 (0:00:01.2636203) ==========
Informational: ------ 回合測試開始 ------
Informational: ========== 回合測試結束: 執行了 20 回合 (0:00:04.1183995) ==========
Informational: ------ 回合測試開始 ------
Informational: ========== 回合測試結束: 執行了 20 回合 (0:00:01.6623227) ==========
Informational: ------ 回合測試開始 ------
Informational: ========== 回合測試結束: 執行了 20 回合 (0:00:01.2830148) ==========
Informational: ------ 回合測試開始 ------
Informational: ========== 回合測試結束: 執行了 20 回合 (0:00:01.2992834) ==========
Informational: ------ 回合測試開始 ------
Error: 使用中的測試回合已中止。原因: 
Informational: ========== 回合測試結束: 執行了 0 回合 (0:00:27.1147294) ==========
Informational: ------ 回合測試開始 ------
Error: 使用中的測試回合已中止。原因: 
Informational: ========== 回合測試結束: 執行了 0 回合 (0:01:03.0194769) ==========
Informational: ------ 回合測試開始 ------
Informational: ========== 回合測試結束: 執行了 20 回合 (0:00:01.5051327) ==========
Informational: ------ 回合測試開始 ------
Informational: ========== 回合測試結束: 執行了 20 回合 (0:00:04.5793599) ==========
Informational: ------ 回合測試開始 ------
Informational: ========== 回合測試結束: 執行了 20 回合 (0:00:01.3692961) ==========
Informational: ------ 回合測試開始 ------
Informational: ========== 回合測試結束: 執行了 21 回合 (0:00:01.2671124) ==========
Informational: ------ 回合測試開始 ------
Informational: ========== 回合測試結束: 執行了 21 回合 (0:00:01.2617036) ==========
Informational: ------ 回合測試開始 ------
Informational: ========== 回合測試結束: 執行了 21 回合 (0:00:04.1281537) ==========
Informational: ------ 回合測試開始 ------
Informational: ========== 回合測試結束: 執行了 21 回合 (0:00:01.4161761) ==========
Informational: ------ 回合測試開始 ------
Error: 使用中的測試回合已中止。原因: 
Informational: ========== 回合測試結束: 執行了 0 回合 (0:00:35.5331122) ==========
Informational: ------ 回合測試開始 ------
Error: 使用中的測試回合已中止。原因: 
Informational: ========== 回合測試結束: 執行了 0 回合 (0:00:30.8401905) ==========
Informational: ------ 回合測試開始 ------
Informational: ========== 回合測試結束: 執行了 21 回合 (0:00:01.3114923) ==========
Informational: ------ 回合測試開始 ------
Informational: ========== 回合測試結束: 執行了 21 回合 (0:00:01.3479202) ==========
Informational: ------ 回合測試開始 ------
Informational: ========== 回合測試結束: 執行了 1 回合 (0:00:37.9528218) ==========
Informational: ------ 回合測試開始 ------
Informational: ========== 回合測試結束: 執行了 21 回合 (0:00:01.355281) ==========
Informational: ------ 回合測試開始 ------
Error: 使用中的測試回合已中止。原因: 
Informational: ========== 回合測試結束: 執行了 0 回合 (0:00:31.2298115) ==========
Informational: ------ 回合測試開始 ------
Informational: ========== 回合測試結束: 執行了 21 回合 (0:00:42.1086493) ==========
Informational: ------ 回合測試開始 ------
Error: 使用中的測試回合已中止。原因: 
Informational: ========== 回合測試結束: 執行了 0 回合 (0:00:10.2280699) ==========
Informational: ------ 回合測試開始 ------
Informational: ========== 回合測試結束: 執行了 21 回合 (0:00:01.2820879) ==========
Informational: ------ 回合測試開始 ------
Informational: ========== 回合測試結束: 執行了 21 回合 (0:00:01.4281994) ==========
Informational: ------ 回合測試開始 ------
Informational: ========== 回合測試結束: 執行了 21 回合 (0:00:01.421802) ==========
Informational: ------ 回合測試開始 ------
Informational: ========== 回合測試結束: 執行了 21 回合 (0:00:04.0904467) ==========
Informational: ------ 回合測試開始 ------
Informational: ========== 回合測試結束: 執行了 21 回合 (0:00:01.3160494) ==========
Informational: ------ 回合測試開始 ------
Informational: ========== 回合測試結束: 執行了 21 回合 (0:00:04.0647088) ==========
Informational: ------ 回合測試開始 ------
Error: 使用中的測試回合已中止。原因: 
Informational: ========== 回合測試結束: 執行了 10 回合 (0:00:26.8598528) ==========
Informational: ------ 回合測試開始 ------
Informational: ========== 回合測試結束: 執行了 21 回合 (0:00:01.4177486) ==========
Informational: ------ 回合測試開始 ------
Informational: ========== 回合測試結束: 執行了 21 回合 (0:00:01.3891849) ==========
Informational: ------ 回合測試開始 ------
Informational: ========== 回合測試結束: 執行了 21 回合 (0:00:04.0447425) ==========
Informational: ------ 回合測試開始 ------
Informational: ========== 回合測試結束: 執行了 21 回合 (0:00:04.1037673) ==========
Informational: ------ 回合測試開始 ------
Informational: ========== 回合測試結束: 執行了 21 回合 (0:00:01.3853432) ==========
Informational: ------ 回合測試開始 ------
Informational: ========== 回合測試結束: 執行了 21 回合 (0:00:04.2442956) ==========
Informational: ------ 回合測試開始 ------
Informational: ========== 回合測試結束: 執行了 21 回合 (0:00:01.2546813) ==========
Informational: ------ 回合測試開始 ------
Informational: ========== 回合測試結束: 執行了 21 回合 (0:00:04.0417247) ==========
Informational: ------ 回合測試開始 ------
Informational: ========== 回合測試結束: 執行了 21 回合 (0:00:01.2956314) ==========
Informational: ------ 回合測試開始 ------
Informational: ========== 回合測試結束: 執行了 21 回合 (0:00:04.4029978) ==========
Informational: ------ 回合測試開始 ------
Informational: ========== 回合測試結束: 執行了 21 回合 (0:00:01.4085958) ==========
Informational: ------ 回合測試開始 ------
Informational: ========== 回合測試結束: 執行了 21 回合 (0:00:04.6201677) ==========
Informational: ------ 回合測試開始 ------
Informational: ========== 回合測試結束: 執行了 21 回合 (0:00:01.7206463) ==========
Informational: ------ 回合測試開始 ------
Informational: ========== 回合測試結束: 執行了 21 回合 (0:00:04.1705123) ==========
Informational: ------ 回合測試開始 ------
Informational: ========== 回合測試結束: 執行了 21 回合 (0:00:01.405452) ==========
Informational: ------ 回合測試開始 ------
Error: 使用中的測試回合已中止。原因: 
Informational: ========== 回合測試結束: 執行了 11 回合 (0:00:20.2515075) ==========
Informational: ------ 回合測試開始 ------
Informational: ========== 回合測試結束: 執行了 21 回合 (0:00:01.3560641) ==========
Informational: ------ 回合測試開始 ------
Informational: ========== 回合測試結束: 執行了 21 回合 (0:00:04.3468297) ==========
Informational: ------ 探索測試開始 ------
Informational: ========== 探索測試結束: 找到 22 個 (0:00:04.5807116) ==========
Informational: ------ 回合測試開始 ------
Informational: ========== 回合測試結束: 執行了 22 回合 (0:00:07.8268195) ==========
Informational: ------ 回合測試開始 ------
Informational: ========== 回合測試結束: 執行了 2 回合 (0:01:00.2240924) ==========
Informational: ------ 回合測試開始 ------
Informational: ========== 回合測試結束: 執行了 1 回合 (0:00:32.177996) ==========
Informational: ------ 回合測試開始 ------
Informational: ========== 回合測試結束: 執行了 1 回合 (0:00:31.9076999) ==========
Informational: ------ 回合測試開始 ------
Informational: ========== 回合測試結束: 執行了 1 回合 (0:00:30.8878881) ==========
Informational: ------ 回合測試開始 ------
Informational: ========== 回合測試結束: 執行了 1 回合 (0:00:31.8411629) ==========
Informational: ------ 回合測試開始 ------
Informational: ========== 回合測試結束: 執行了 1 回合 (0:00:31.868488) ==========
Informational: ------ 回合測試開始 ------
Informational: ========== 回合測試結束: 執行了 1 回合 (0:00:04.4178618) ==========
Informational: ------ 回合測試開始 ------
Informational: ========== 回合測試結束: 執行了 1 回合 (0:00:04.5559893) ==========
Informational: ------ 回合測試開始 ------
Informational: ========== 回合測試結束: 執行了 1 回合 (0:00:04.3921975) ==========
Informational: ------ 回合測試開始 ------
Informational: ========== 回合測試結束: 執行了 1 回合 (0:00:04.9394889) ==========
Informational: ------ 回合測試開始 ------
Informational: ========== 回合測試結束: 執行了 1 回合 (0:00:03.9994662) ==========
Informational: ------ 回合測試開始 ------
Informational: ========== 回合測試結束: 執行了 1 回合 (0:00:05.7219701) ==========
Informational: ------ 回合測試開始 ------
Informational: ========== 回合測試結束: 執行了 1 回合 (0:00:09.7669837) ==========
Informational: ------ 回合測試開始 ------
Informational: ========== 回合測試結束: 執行了 1 回合 (0:00:12.8174858) ==========
Informational: ------ 回合測試開始 ------
Informational: ========== 回合測試結束: 執行了 1 回合 (0:00:08.7191434) ==========
Informational: ------ 回合測試開始 ------
Informational: ========== 回合測試結束: 執行了 1 回合 (0:00:11.3192557) ==========
Informational: ------ 回合測試開始 ------
Informational: ========== 回合測試結束: 執行了 1 回合 (0:00:11.2852561) ==========
Informational: ------ 回合測試開始 ------
Informational: ========== 回合測試結束: 執行了 1 回合 (0:00:07.9081548) ==========
Informational: ------ 回合測試開始 ------
Informational: ========== 回合測試結束: 執行了 1 回合 (0:00:09.1162024) ==========
Informational: ------ 回合測試開始 ------
Informational: ========== 回合測試結束: 執行了 1 回合 (0:00:31.2045096) ==========
Informational: ------ 回合測試開始 ------
Informational: ========== 回合測試結束: 執行了 1 回合 (0:00:32.0805459) ==========
Informational: ------ 回合測試開始 ------
Informational: ========== 回合測試結束: 執行了 1 回合 (0:00:31.2301568) ==========
Informational: ------ 回合測試開始 ------
Error: System.InvalidOperationException: 找不到下列 TestContainer: 'D:\CSIE資工\C#\POS_homework\CodedUITestProject\bin\Release\CodedUITestProject.dll'
   於 Microsoft.VisualStudio.TestWindow.Controller.TestContainerProvider.<GetTestContainerAsync>d__61.MoveNext()
--- 先前擲回例外狀況之位置中的堆疊追蹤結尾 ---
   於 System.Runtime.CompilerServices.TaskAwaiter.ThrowForNonSuccess(Task task)
   於 System.Runtime.CompilerServices.TaskAwaiter.HandleNonSuccessAndDebuggerNotification(Task task)
   於 Microsoft.VisualStudio.TestWindow.Data.InMemory.InMemoryDataStorage.<AccumulateTestCaseInternal>d__23.MoveNext()
--- 先前擲回例外狀況之位置中的堆疊追蹤結尾 ---
   於 System.Runtime.CompilerServices.TaskAwaiter.ThrowForNonSuccess(Task task)
   於 System.Runtime.CompilerServices.TaskAwaiter.HandleNonSuccessAndDebuggerNotification(Task task)
   於 Microsoft.VisualStudio.TestWindow.Data.InMemory.InMemoryUnitTestWriter.<WriteTestCaseInternal>d__13.MoveNext()
--- 先前擲回例外狀況之位置中的堆疊追蹤結尾 ---
   於 System.Runtime.CompilerServices.TaskAwaiter.ThrowForNonSuccess(Task task)
   於 System.Runtime.CompilerServices.TaskAwaiter.HandleNonSuccessAndDebuggerNotification(Task task)
   於 System.Runtime.CompilerServices.TaskAwaiter.ValidateEnd(Task task)
   於 Microsoft.VisualStudio.TestWindow.Data.InMemory.InMemoryUnitTestWriter.<WriteTestResultsInternal>d__19.MoveNext()
--- 先前擲回例外狀況之位置中的堆疊追蹤結尾 ---
   於 System.Runtime.CompilerServices.TaskAwaiter.ThrowForNonSuccess(Task task)
   於 System.Runtime.CompilerServices.TaskAwaiter.HandleNonSuccessAndDebuggerNotification(Task task)
   於 Microsoft.VisualStudio.TestWindow.Data.UnitTestWriter.<WriteTestResults>d__46.MoveNext()
--- 先前擲回例外狀況之位置中的堆疊追蹤結尾 ---
   於 System.Runtime.CompilerServices.TaskAwaiter.ThrowForNonSuccess(Task task)
   於 System.Runtime.CompilerServices.TaskAwaiter.HandleNonSuccessAndDebuggerNotification(Task task)
   於 Microsoft.VisualStudio.TestWindow.Controller.TestRunRequest.<TestRunStatsChange>d__49.MoveNext()
--- 先前擲回例外狀況之位置中的堆疊追蹤結尾 ---
   於 System.Runtime.CompilerServices.TaskAwaiter.ThrowForNonSuccess(Task task)
   於 System.Runtime.CompilerServices.TaskAwaiter.HandleNonSuccessAndDebuggerNotification(Task task)
   於 Microsoft.VisualStudio.TestWindow.Controller.TestRunRequest.<>c__DisplayClass50_0.<<OnTestRunStatsChange>b__0>d.MoveNext()
--- 先前擲回例外狀況之位置中的堆疊追蹤結尾 ---
   於 System.Runtime.CompilerServices.TaskAwaiter.ThrowForNonSuccess(Task task)
   於 System.Runtime.CompilerServices.TaskAwaiter.HandleNonSuccessAndDebuggerNotification(Task task)
   於 Microsoft.VisualStudio.TestWindow.Data.UnitTestStorage.<ExecuteWhileOpen>d__30.MoveNext()
--- 先前擲回例外狀況之位置中的堆疊追蹤結尾 ---
   於 System.Runtime.CompilerServices.TaskAwaiter.ThrowForNonSuccess(Task task)
   於 System.Runtime.CompilerServices.TaskAwaiter.HandleNonSuccessAndDebuggerNotification(Task task)
   於 Microsoft.VisualStudio.TestWindow.Controller.Request.<ExecuteWhileStorageIsOpen>d__100.MoveNext()
Informational: ========== 回合測試結束: 執行了 0 回合 (0:00:31.296571) ==========
Informational: ------ 回合測試開始 ------
Informational: ========== 回合測試結束: 執行了 1 回合 (0:00:32.2273999) ==========
Informational: ------ 探索測試開始 ------
Informational: ========== 探索測試結束: 找到 21 個 (0:00:00.982325) ==========
Informational: ------ 回合測試開始 ------
Informational: ========== 回合測試結束: 執行了 22 回合 (0:00:44.5060492) ==========
Informational: ------ 回合測試開始 ------
Informational: ========== 回合測試結束: 執行了 1 回合 (0:00:32.317668) ==========
Informational: ------ 回合測試開始 ------
Informational: ========== 回合測試結束: 執行了 1 回合 (0:00:31.6708584) ==========
Informational: ------ 回合測試開始 ------
Informational: ========== 回合測試結束: 執行了 1 回合 (0:00:31.3827776) ==========
Informational: ------ 探索測試開始 ------
Informational: ========== 探索測試結束: 找到 0 個 (0:00:00.4175808) ==========
Informational: ------ 回合測試開始 ------
Informational: ========== 回合測試結束: 執行了 1 回合 (0:00:09.9515952) ==========
Informational: ------ 回合測試開始 ------
Informational: ========== 回合測試結束: 執行了 1 回合 (0:00:09.5160783) ==========
Informational: ------ 回合測試開始 ------
Informational: ========== 回合測試結束: 執行了 1 回合 (0:00:09.9363366) ==========
